# JRE version: Java(TM) SE Runtime Environment (14.0.1+7) (build 14.0.1+7)
# Java VM: Java HotSpot(TM) 64-Bit Server VM (14.0.1+7, mixed mode, sharing, tiered, compressed oops, g1 gc, windows-amd64)
Heap:
 garbage-first heap   total 41984K, used 18706K [0x00000000c3600000, 0x0000000100000000)
  region size 1024K, 8 young (8192K), 2 survivors (2048K)
 Metaspace       used 36150K, capacity 37346K, committed 37660K, reserved 1081344K
  class space    used 4591K, capacity 5052K, committed 5120K, reserved 1048576K
GC Heap History (18 events):
Event: 1.196 GC heap before
{Heap before GC invocations=0 (full 0):
 garbage-first heap   total 63488K, used 23552K [0x00000000c3600000, 0x0000000100000000)
  region size 1024K, 23 young (23552K), 0 survivors (0K)
 Metaspace       used 5920K, capacity 7651K, committed 7808K, reserved 1056768K
  class space    used 683K, capacity 853K, committed 896K, reserved 1048576K
}
Event: 1.205 GC heap after
{Heap after GC invocations=1 (full 0):
 garbage-first heap   total 63488K, used 4805K [0x00000000c3600000, 0x0000000100000000)
  region size 1024K, 3 young (3072K), 3 survivors (3072K)
 Metaspace       used 5920K, capacity 7651K, committed 7808K, reserved 1056768K
  class space    used 683K, capacity 853K, committed 896K, reserved 1048576K
}
Event: 1.647 GC heap before
{Heap before GC invocations=1 (full 0):
 garbage-first heap   total 63488K, used 30405K [0x00000000c3600000, 0x0000000100000000)
  region size 1024K, 28 young (28672K), 3 survivors (3072K)
 Metaspace       used 10648K, capacity 11307K, committed 11648K, reserved 1058816K
  class space    used 1426K, capacity 1546K, committed 1664K, reserved 1048576K
}
Event: 1.654 GC heap after
{Heap after GC invocations=2 (full 0):
 garbage-first heap   total 63488K, used 6226K [0x00000000c3600000, 0x0000000100000000)
  region size 1024K, 2 young (2048K), 2 survivors (2048K)
 Metaspace       used 10648K, capacity 11307K, committed 11648K, reserved 1058816K
  class space    used 1426K, capacity 1546K, committed 1664K, reserved 1048576K
}
Event: 2.121 GC heap before
{Heap before GC invocations=2 (full 0):
 garbage-first heap   total 63488K, used 38994K [0x00000000c3600000, 0x0000000100000000)
  region size 1024K, 34 young (34816K), 2 survivors (2048K)
 Metaspace       used 17263K, capacity 17856K, committed 18176K, reserved 1064960K
  class space    used 2245K, capacity 2453K, committed 2560K, reserved 1048576K
}
Event: 2.126 GC heap after
{Heap after GC invocations=3 (full 0):
 garbage-first heap   total 63488K, used 7495K [0x00000000c3600000, 0x0000000100000000)
  region size 1024K, 3 young (3072K), 3 survivors (3072K)
 Metaspace       used 17263K, capacity 17856K, committed 18176K, reserved 1064960K
  class space    used 2245K, capacity 2453K, committed 2560K, reserved 1048576K
}
Event: 2.777 GC heap before
{Heap before GC invocations=3 (full 0):
 garbage-first heap   total 63488K, used 37191K [0x00000000c3600000, 0x0000000100000000)
  region size 1024K, 33 young (33792K), 3 survivors (3072K)
 Metaspace       used 20598K, capacity 21161K, committed 21296K, reserved 1067008K
  class space    used 2638K, capacity 2860K, committed 2944K, reserved 1048576K
}
Event: 2.784 GC heap after
{Heap after GC invocations=4 (full 0):
 garbage-first heap   total 63488K, used 8884K [0x00000000c3600000, 0x0000000100000000)
  region size 1024K, 4 young (4096K), 4 survivors (4096K)
 Metaspace       used 20598K, capacity 21161K, committed 21296K, reserved 1067008K
  class space    used 2638K, capacity 2860K, committed 2944K, reserved 1048576K
}
Event: 3.223 GC heap before
{Heap before GC invocations=5 (full 0):
 garbage-first heap   total 34816K, used 25268K [0x00000000c3600000, 0x0000000100000000)
  region size 1024K, 20 young (20480K), 4 survivors (4096K)
 Metaspace       used 23777K, capacity 24599K, committed 24880K, reserved 1071104K
  class space    used 3082K, capacity 3406K, committed 3456K, reserved 1048576K
}
Event: 3.234 GC heap after
{Heap after GC invocations=6 (full 0):
 garbage-first heap   total 41984K, used 10104K [0x00000000c3600000, 0x0000000100000000)
  region size 1024K, 3 young (3072K), 3 survivors (3072K)
 Metaspace       used 23777K, capacity 24599K, committed 24880K, reserved 1071104K
  class space    used 3082K, capacity 3406K, committed 3456K, reserved 1048576K
}
Event: 3.691 GC heap before
{Heap before GC invocations=6 (full 0):
 garbage-first heap   total 41984K, used 29560K [0x00000000c3600000, 0x0000000100000000)
  region size 1024K, 22 young (22528K), 3 survivors (3072K)
 Metaspace       used 26929K, capacity 27743K, committed 28080K, reserved 1073152K
  class space    used 3429K, capacity 3749K, committed 3840K, reserved 1048576K
}
Event: 3.696 GC heap after
{Heap after GC invocations=7 (full 0):
 garbage-first heap   total 41984K, used 11566K [0x00000000c3600000, 0x0000000100000000)
  region size 1024K, 3 young (3072K), 3 survivors (3072K)
 Metaspace       used 26929K, capacity 27743K, committed 28080K, reserved 1073152K
  class space    used 3429K, capacity 3749K, committed 3840K, reserved 1048576K
}
Event: 4.097 GC heap before
{Heap before GC invocations=7 (full 0):
 garbage-first heap   total 41984K, used 29998K [0x00000000c3600000, 0x0000000100000000)
  region size 1024K, 22 young (22528K), 3 survivors (3072K)
 Metaspace       used 30329K, capacity 31338K, committed 31664K, reserved 1077248K
  class space    used 3872K, capacity 4265K, committed 4352K, reserved 1048576K
}
Event: 4.103 GC heap after
{Heap after GC invocations=8 (full 0):
 garbage-first heap   total 41984K, used 13311K [0x00000000c3600000, 0x0000000100000000)
  region size 1024K, 3 young (3072K), 3 survivors (3072K)
 Metaspace       used 30329K, capacity 31338K, committed 31664K, reserved 1077248K
  class space    used 3872K, capacity 4265K, committed 4352K, reserved 1048576K
}
Event: 31.694 GC heap before
{Heap before GC invocations=8 (full 0):
 garbage-first heap   total 41984K, used 30719K [0x00000000c3600000, 0x0000000100000000)
  region size 1024K, 20 young (20480K), 3 survivors (3072K)
 Metaspace       used 33730K, capacity 34888K, committed 35248K, reserved 1079296K
  class space    used 4303K, capacity 4746K, committed 4864K, reserved 1048576K
}
Event: 31.720 GC heap after
{Heap after GC invocations=9 (full 0):
 garbage-first heap   total 41984K, used 14405K [0x00000000c3600000, 0x0000000100000000)
  region size 1024K, 2 young (2048K), 2 survivors (2048K)
 Metaspace       used 33730K, capacity 34888K, committed 35248K, reserved 1079296K
  class space    used 4303K, capacity 4746K, committed 4864K, reserved 1048576K
}
Event: 32.696 GC heap before
{Heap before GC invocations=9 (full 0):
 garbage-first heap   total 41984K, used 17477K [0x00000000c3600000, 0x0000000100000000)
  region size 1024K, 7 young (7168K), 2 survivors (2048K)
 Metaspace       used 34714K, capacity 35836K, committed 35920K, reserved 1081344K
  class space    used 4411K, capacity 4848K, committed 4864K, reserved 1048576K
}
Event: 32.706 GC heap after
{Heap after GC invocations=10 (full 0):
 garbage-first heap   total 41984K, used 14610K [0x00000000c3600000, 0x0000000100000000)
  region size 1024K, 2 young (2048K), 2 survivors (2048K)
 Metaspace       used 34714K, capacity 35836K, committed 35920K, reserved 1081344K
  class space    used 4411K, capacity 4848K, committed 4864K, reserved 1048576K
}

