# JRE version: Java(TM) SE Runtime Environment (14.0.1+7) (build 14.0.1+7)
# Java VM: Java HotSpot(TM) 64-Bit Server VM (14.0.1+7, mixed mode, sharing, tiered, compressed oops, g1 gc, windows-amd64)
Heap:
 garbage-first heap   total 63488K, used 8946K [0x00000000c3600000, 0x0000000100000000)
  region size 1024K, 5 young (5120K), 4 survivors (4096K)
 Metaspace       used 20643K, capacity 21252K, committed 21552K, reserved 1069056K
  class space    used 2642K, capacity 2892K, committed 2944K, reserved 1048576K
GC Heap History (6 events):
Event: 0.961 GC heap before
{Heap before GC invocations=0 (full 0):
 garbage-first heap   total 63488K, used 23552K [0x00000000c3600000, 0x0000000100000000)
  region size 1024K, 23 young (23552K), 0 survivors (0K)
 Metaspace       used 5987K, capacity 7756K, committed 7808K, reserved 1056768K
  class space    used 692K, capacity 888K, committed 896K, reserved 1048576K
}
Event: 0.972 GC heap after
{Heap after GC invocations=1 (full 0):
 garbage-first heap   total 63488K, used 4777K [0x00000000c3600000, 0x0000000100000000)
  region size 1024K, 3 young (3072K), 3 survivors (3072K)
 Metaspace       used 5987K, capacity 7756K, committed 7808K, reserved 1056768K
  class space    used 692K, capacity 888K, committed 896K, reserved 1048576K
}
Event: 1.383 GC heap before
{Heap before GC invocations=1 (full 0):
 garbage-first heap   total 63488K, used 30377K [0x00000000c3600000, 0x0000000100000000)
  region size 1024K, 28 young (28672K), 3 survivors (3072K)
 Metaspace       used 10719K, capacity 11441K, committed 11648K, reserved 1058816K
  class space    used 1443K, capacity 1548K, committed 1664K, reserved 1048576K
}
Event: 1.389 GC heap after
{Heap after GC invocations=2 (full 0):
 garbage-first heap   total 63488K, used 6126K [0x00000000c3600000, 0x0000000100000000)
  region size 1024K, 2 young (2048K), 2 survivors (2048K)
 Metaspace       used 10719K, capacity 11441K, committed 11648K, reserved 1058816K
  class space    used 1443K, capacity 1548K, committed 1664K, reserved 1048576K
}
Event: 1.897 GC heap before
{Heap before GC invocations=2 (full 0):
 garbage-first heap   total 63488K, used 37870K [0x00000000c3600000, 0x0000000100000000)
  region size 1024K, 33 young (33792K), 2 survivors (2048K)
 Metaspace       used 17285K, capacity 17787K, committed 17920K, reserved 1064960K
  class space    used 2247K, capacity 2453K, committed 2560K, reserved 1048576K
}
Event: 1.903 GC heap after
{Heap after GC invocations=3 (full 0):
 garbage-first heap   total 63488K, used 7450K [0x00000000c3600000, 0x0000000100000000)
  region size 1024K, 3 young (3072K), 3 survivors (3072K)
 Metaspace       used 17285K, capacity 17787K, committed 17920K, reserved 1064960K
  class space    used 2247K, capacity 2453K, committed 2560K, reserved 1048576K
}

